[LightGBM] [Info] Total Bins 222
[LightGBM] [Info] Number of data: 1524, number of used features: 74
[LightGBM] [Info] Start training from score -1.404838
[LightGBM] [Info] Start training from score -0.281577
in main
Train Dev Data
X shape:  123 1605
[0, 0, '1', 0, 0, 0, 0, 0, 0, 0, '1', 0, 0, '1', 0, 0, 0, 0, '1', 0, 0, 0, 0, 0, 0, 0, 0, 0, 0, 0, 0, 0, 0, 0, 0, 0, 0, 0, '1', 0, 0, '1', 0, 0, 0, 0, 0, 0, 0, 0, 0, 0, 0, 0, '1', 0, 0, 0, 0, 0, 0, 0, 0, '1', 0, 0, '1', 0, 0, 0, 0, 0, '1', 0, '1', '1', 0, 0, 0, '1', 0, 0, '1', 0, 0, 0, 0, 0, 0, 0, 0, 0, 0, 0, 0, 0, 0, 0, 0, 0, 0, 0, 0, 0, 0, 0, 0, 0, 0, 0, 0, 0, 0, 0, 0, 0, 0, 0, 0, 0, 0, 0, 0]
Y shape:  2 1605
-1
Test Data
X shape:  123 30956
[0, 0, 0, 0, '1', 0, '1', 0, 0, 0, 0, 0, 0, '1', 0, 0, 0, 0, '1', 0, 0, 0, 0, 0, 0, 0, 0, 0, 0, 0, 0, 0, 0, 0, 0, 0, 0, 0, '1', '1', 0, 0, 0, 0, 0, 0, 0, 0, 0, 0, '1', 0, 0, 0, 0, 0, 0, 0, 0, 0, 0, 0, '1', 0, 0, 0, '1', 0, 0, 0, 0, 0, '1', '1', 0, '1', 0, '1', 0, 0, 0, 0, '1', 0, 0, 0, 0, 0, 0, 0, 0, 0, 0, 0, 0, 0, 0, 0, 0, 0, 0, 0, 0, 0, 0, 0, 0, 0, 0, 0, 0, 0, 0, 0, 0, 0, 0, 0, 0, 0, 0, 0, 0]
Y shape:  2 30956
-1
ALL Feature:
Accuracy of LR Classifier:0.836251
time:  0.05919361114501953
GBDT Feature:
Top 20: 
[1]	valid_0's multi_logloss: 0.539275
Training until validation scores don't improve for 10 rounds
[2]	valid_0's multi_logloss: 0.513199
[3]	valid_0's multi_logloss: 0.498637
[4]	valid_0's multi_logloss: 0.488546
[5]	valid_0's multi_logloss: 0.478339
[6]	valid_0's multi_logloss: 0.473344
[7]	valid_0's multi_logloss: 0.471109
[8]	valid_0's multi_logloss: 0.463517
[9]	valid_0's multi_logloss: 0.456728
[10]	valid_0's multi_logloss: 0.4525
Did not meet early stopping. Best iteration is:
[10]	valid_0's multi_logloss: 0.4525
Accuracy of LR Classifier:0.839062
gbdt feature time:  0.020756244659423828
gbdt lr time:  0.056093692779541016
Gradient Feature:
Top 20: 
Accuracy of LR Classifier:0.837156
[ 0  1  3  7 18 28 31 34 38 39 41 50 61 62 63 71 72 73 74 77]
gradient feature time:  0.1245262622833252
gradient lr time:  0.2357642650604248
